\BOOKMARK [0][-]{Doc-Start}{Capa}{}% 1
\BOOKMARK [0][-]{chapter*.1}{Organizadores}{}% 2
\BOOKMARK [0][-]{chapter*.2}{Licen\347a}{}% 3
\BOOKMARK [0][-]{chapter*.3}{Nota dos organizadores}{}% 4
\BOOKMARK [0][-]{chapter*.4}{Pref\341cio}{}% 5
\BOOKMARK [0][-]{chapter.1}{Introdu\347\343o}{}% 6
\BOOKMARK [0][-]{chapter.2}{Aritm\351tica de m\341quina}{}% 7
\BOOKMARK [1][-]{section.2.1}{Sistema de numera\347\343o e mudan\347a de base}{chapter.2}% 8
\BOOKMARK [2][-]{subsection.2.1.1}{Exerc\355cios}{section.2.1}% 9
\BOOKMARK [1][-]{section.2.2}{Representa\347\343o de n\372meros}{chapter.2}% 10
\BOOKMARK [2][-]{subsection.2.2.1}{N\372meros inteiros}{section.2.2}% 11
\BOOKMARK [2][-]{subsection.2.2.2}{Sistema de ponto fixo}{section.2.2}% 12
\BOOKMARK [2][-]{subsection.2.2.3}{Normaliza\347\343o}{section.2.2}% 13
\BOOKMARK [2][-]{subsection.2.2.4}{Sistema de ponto flutuante}{section.2.2}% 14
\BOOKMARK [2][-]{subsection.2.2.5}{A precis\343o e o epsilon de m\341quina}{section.2.2}% 15
\BOOKMARK [2][-]{subsection.2.2.6}{A distribui\347\343o dos n\372meros}{section.2.2}% 16
\BOOKMARK [2][-]{subsection.2.2.7}{Exerc\355cios}{section.2.2}% 17
\BOOKMARK [1][-]{section.2.3}{Tipos de Erros}{chapter.2}% 18
\BOOKMARK [2][-]{subsection.2.3.1}{Erros de arredondamento}{section.2.3}% 19
\BOOKMARK [2][-]{subsection.2.3.2}{Exerc\355cios}{section.2.3}% 20
\BOOKMARK [1][-]{section.2.4}{Erros nas opera\347\365es elementares}{chapter.2}% 21
\BOOKMARK [1][-]{section.2.5}{Cancelamento catastr\363fico}{chapter.2}% 22
\BOOKMARK [1][-]{section.2.6}{Condicionamento de um problema}{chapter.2}% 23
\BOOKMARK [2][-]{subsection.2.6.1}{Exerc\355cios}{section.2.6}% 24
\BOOKMARK [1][-]{section.2.7}{Mais exemplos}{chapter.2}% 25
\BOOKMARK [2][-]{subsection.2.7.1}{Exerc\355cios}{section.2.7}% 26
\BOOKMARK [0][-]{chapter.3}{Solu\347\343o de equa\347\365es de uma vari\341vel}{}% 27
\BOOKMARK [1][-]{section.3.1}{Exist\352ncia e unicidade}{chapter.3}% 28
\BOOKMARK [2][-]{subsection.3.1.1}{Exerc\355cios}{section.3.1}% 29
\BOOKMARK [1][-]{section.3.2}{M\351todo da bisse\347\343o}{chapter.3}% 30
\BOOKMARK [2][-]{subsection.3.2.1}{C\363digo Scilab: m\351todo da bisse\347\343o}{section.3.2}% 31
\BOOKMARK [2][-]{subsection.3.2.2}{Exerc\355cios}{section.3.2}% 32
\BOOKMARK [1][-]{section.3.3}{Itera\347\343o de Ponto Fixo}{chapter.3}% 33
\BOOKMARK [2][-]{subsection.3.3.1}{Teorema do ponto fixo}{section.3.3}% 34
\BOOKMARK [2][-]{subsection.3.3.2}{Teste de converg\352ncia}{section.3.3}% 35
\BOOKMARK [2][-]{subsection.3.3.3}{Estabilidade e converg\352ncia}{section.3.3}% 36
\BOOKMARK [2][-]{subsection.3.3.4}{Erro absoluto e toler\342ncia}{section.3.3}% 37
\BOOKMARK [2][-]{subsection.3.3.5}{Exerc\355cios}{section.3.3}% 38
\BOOKMARK [1][-]{section.3.4}{M\351todo de Newton-Raphson}{chapter.3}% 39
\BOOKMARK [2][-]{subsection.3.4.1}{Interpreta\347\343o geom\351trica}{section.3.4}% 40
\BOOKMARK [2][-]{subsection.3.4.2}{An\341lise de converg\352ncia}{section.3.4}% 41
\BOOKMARK [2][-]{subsection.3.4.3}{Exerc\355cios}{section.3.4}% 42
\BOOKMARK [1][-]{section.3.5}{M\351todo das secantes}{chapter.3}% 43
\BOOKMARK [2][-]{subsection.3.5.1}{Interpreta\347\343o geom\351trica}{section.3.5}% 44
\BOOKMARK [2][-]{subsection.3.5.2}{An\341lise de converg\352ncia}{section.3.5}% 45
\BOOKMARK [1][-]{section.3.6}{Crit\351rios de parada}{chapter.3}% 46
\BOOKMARK [2][-]{subsection.3.6.1}{Exerc\355cios}{section.3.6}% 47
\BOOKMARK [1][-]{section.3.7}{Exerc\355cios finais}{chapter.3}% 48
\BOOKMARK [0][-]{chapter.4}{Solu\347\343o de sistemas lineares}{}% 49
\BOOKMARK [1][-]{section.4.1}{Elimina\347\343o gaussiana}{chapter.4}% 50
\BOOKMARK [2][-]{subsection.4.1.1}{Elimina\347\343o gaussiana com pivotamento parcial}{section.4.1}% 51
\BOOKMARK [1][-]{section.4.2}{Complexidade de Algoritmos em \301lgebra Linear}{chapter.4}% 52
\BOOKMARK [1][-]{section.4.3}{Sistemas triangulares}{chapter.4}% 53
\BOOKMARK [2][-]{subsection.4.3.1}{Algoritmo para resolu\347\343o de um sistema triangular superior}{section.4.3}% 54
\BOOKMARK [2][-]{subsection.4.3.2}{Algoritmo para resolu\347\343o de um sistema triangular inferior}{section.4.3}% 55
\BOOKMARK [1][-]{section.4.4}{Fatora\347\343o LU}{chapter.4}% 56
\BOOKMARK [2][-]{subsection.4.4.1}{Algoritmo para fatora\347\343o LU}{section.4.4}% 57
\BOOKMARK [2][-]{subsection.4.4.2}{Custo computacional para resolver um sistema linear usando fatora\347\343o LU}{section.4.4}% 58
\BOOKMARK [2][-]{subsection.4.4.3}{Custo para resolver m sistemas lineares}{section.4.4}% 59
\BOOKMARK [2][-]{subsection.4.4.4}{Custo para calcular a matriz inversa de A}{section.4.4}% 60
\BOOKMARK [1][-]{section.4.5}{Condicionamento de sistemas lineares}{chapter.4}% 61
\BOOKMARK [2][-]{subsection.4.5.1}{Norma de vetores}{section.4.5}% 62
\BOOKMARK [2][-]{subsection.4.5.2}{Norma de matrizes}{section.4.5}% 63
\BOOKMARK [2][-]{subsection.4.5.3}{N\372mero de condicionamento}{section.4.5}% 64
\BOOKMARK [1][-]{section.4.6}{M\351todos iterativos para sistemas lineares}{chapter.4}% 65
\BOOKMARK [2][-]{subsection.4.6.1}{M\351todo de Jacobi}{section.4.6}% 66
\BOOKMARK [2][-]{subsection.4.6.2}{M\351todo de Gauss-Seidel}{section.4.6}% 67
\BOOKMARK [2][-]{subsection.4.6.3}{An\341lise de converg\352ncia}{section.4.6}% 68
\BOOKMARK [1][-]{section.4.7}{M\351todo da pot\352ncia para c\341lculo de autovalores}{chapter.4}% 69
\BOOKMARK [1][-]{section.4.8}{Exerc\355cios finais}{chapter.4}% 70
\BOOKMARK [0][-]{chapter.5}{Solu\347\343o de sistemas de equa\347\365es n\343o lineares}{}% 71
\BOOKMARK [1][-]{section.5.1}{O m\351todo de Newton para sistemas}{chapter.5}% 72
\BOOKMARK [2][-]{subsection.5.1.1}{C\363digo Scilab: Newton para Sistemas}{section.5.1}% 73
\BOOKMARK [1][-]{section.5.2}{Lineariza\347\343o de uma fun\347\343o de v\341rias vari\341veis}{chapter.5}% 74
\BOOKMARK [2][-]{subsection.5.2.1}{O gradiente}{section.5.2}% 75
\BOOKMARK [2][-]{subsection.5.2.2}{A matriz jacobiana}{section.5.2}% 76
\BOOKMARK [0][-]{chapter.6}{Interpola\347\343o}{}% 77
\BOOKMARK [1][-]{section.6.1}{Interpola\347\343o polinomial}{chapter.6}% 78
\BOOKMARK [1][-]{section.6.2}{Diferen\347as divididas de Newton}{chapter.6}% 79
\BOOKMARK [1][-]{section.6.3}{Polin\364mios de Lagrange}{chapter.6}% 80
\BOOKMARK [1][-]{section.6.4}{Aproxima\347\343o de fun\347\365es reais por polin\364mios interpoladores}{chapter.6}% 81
\BOOKMARK [1][-]{section.6.5}{Interpola\347\343o linear segmentada}{chapter.6}% 82
\BOOKMARK [1][-]{section.6.6}{Interpola\347\343o c\372bica segmentada - spline}{chapter.6}% 83
\BOOKMARK [2][-]{subsection.6.6.1}{Spline natural}{section.6.6}% 84
\BOOKMARK [2][-]{subsection.6.6.2}{Spline fixado}{section.6.6}% 85
\BOOKMARK [2][-]{subsection.6.6.3}{Resumo sobre Splines}{section.6.6}% 86
\BOOKMARK [0][-]{chapter.7}{Ajuste de curvas}{}% 87
\BOOKMARK [1][-]{section.7.1}{Ajuste de uma reta}{chapter.7}% 88
\BOOKMARK [2][-]{subsection.7.1.1}{Exerc\355cios}{section.7.1}% 89
\BOOKMARK [1][-]{section.7.2}{Ajuste linear geral}{chapter.7}% 90
\BOOKMARK [2][-]{subsection.7.2.1}{Ajuste polinomial}{section.7.2}% 91
\BOOKMARK [1][-]{section.7.3}{Aproximando problemas n\343o lineares por problemas lineares}{chapter.7}% 92
\BOOKMARK [0][-]{chapter.8}{Deriva\347\343o e integra\347\343o num\351rica}{}% 93
\BOOKMARK [1][-]{section.8.1}{Deriva\347\343o Num\351rica}{chapter.8}% 94
\BOOKMARK [2][-]{subsection.8.1.1}{Aproxima\347\343o da derivada por diferen\347as finitas}{section.8.1}% 95
\BOOKMARK [2][-]{subsection.8.1.2}{Obten\347\343o de f\363rmulas de diferen\347as via s\351rie de Taylor}{section.8.1}% 96
\BOOKMARK [2][-]{subsection.8.1.3}{Erros de arredondamento}{section.8.1}% 97
\BOOKMARK [2][-]{subsection.8.1.4}{Aproxima\347\365es de alta ordem}{section.8.1}% 98
\BOOKMARK [2][-]{subsection.8.1.5}{Aproxima\347\343o para a segunda derivada}{section.8.1}% 99
\BOOKMARK [2][-]{subsection.8.1.6}{Derivada via ajuste ou interpola\347\343o}{section.8.1}% 100
\BOOKMARK [1][-]{section.8.2}{Problemas de valor contorno}{chapter.8}% 101
\BOOKMARK [1][-]{section.8.3}{Integra\347\343o num\351rica}{chapter.8}% 102
\BOOKMARK [2][-]{subsection.8.3.1}{Regras de Newton-Cotes}{section.8.3}% 103
\BOOKMARK [2][-]{subsection.8.3.2}{Regras compostas}{section.8.3}% 104
\BOOKMARK [2][-]{subsection.8.3.3}{O m\351todo de Romberg}{section.8.3}% 105
\BOOKMARK [2][-]{subsection.8.3.4}{Ordem de precis\343o}{section.8.3}% 106
\BOOKMARK [2][-]{subsection.8.3.5}{Quadratura de Gauss-Legendre}{section.8.3}% 107
\BOOKMARK [1][-]{section.8.4}{Exerc\355cios finais}{chapter.8}% 108
\BOOKMARK [0][-]{chapter.9}{Problemas de valor inicial}{}% 109
\BOOKMARK [1][-]{section.9.1}{M\351todo de Euler}{chapter.9}% 110
\BOOKMARK [1][-]{section.9.2}{M\351todo de Euler melhorado}{chapter.9}% 111
\BOOKMARK [1][-]{section.9.3}{Ordem de precis\343o}{chapter.9}% 112
\BOOKMARK [2][-]{subsection.9.3.1}{Ordem de precis\343o do M\351todo de Euler}{section.9.3}% 113
\BOOKMARK [2][-]{subsection.9.3.2}{Ordem de precis\343o do M\351todo de Euler Melhorado}{section.9.3}% 114
\BOOKMARK [1][-]{section.9.4}{Converg\352ncia}{chapter.9}% 115
\BOOKMARK [2][-]{subsection.9.4.1}{Converg\352ncia do m\351todo de Euler}{section.9.4}% 116
\BOOKMARK [2][-]{subsection.9.4.2}{Converg\352ncia do m\351todo de Euler Melhorado}{section.9.4}% 117
\BOOKMARK [1][-]{section.9.5}{M\351todos de Runge-Kutta}{chapter.9}% 118
\BOOKMARK [2][-]{subsection.9.5.1}{M\351todos de Runge-Kutta - Quarta ordem}{section.9.5}% 119
\BOOKMARK [1][-]{section.9.6}{M\351todos de passo m\372ltiplo - Adams-Bashforth}{chapter.9}% 120
\BOOKMARK [1][-]{section.9.7}{M\351todos de passo m\372ltiplo - Adams-Moulton}{chapter.9}% 121
\BOOKMARK [1][-]{section.9.8}{Estabilidade}{chapter.9}% 122
\BOOKMARK [1][-]{section.9.9}{Exerc\355cios finais}{chapter.9}% 123
\BOOKMARK [0][-]{appendix.A}{R\341pida Introdu\347\343o ao Scilab}{}% 124
\BOOKMARK [1][-]{section.A.1}{Sobre o Scilab}{appendix.A}% 125
\BOOKMARK [2][-]{subsection.A.1.1}{Instala\347\343o e Execu\347\343o}{section.A.1}% 126
\BOOKMARK [2][-]{subsection.A.1.2}{Usando o Scilab}{section.A.1}% 127
\BOOKMARK [1][-]{section.A.2}{Elementos da linguagem}{appendix.A}% 128
\BOOKMARK [2][-]{subsection.A.2.1}{Opera\347\365es matem\341ticas elementares}{section.A.2}% 129
\BOOKMARK [2][-]{subsection.A.2.2}{Fun\347\365es e constantes elementares}{section.A.2}% 130
\BOOKMARK [2][-]{subsection.A.2.3}{Operadores l\363gicos}{section.A.2}% 131
\BOOKMARK [1][-]{section.A.3}{Matrizes}{appendix.A}% 132
\BOOKMARK [2][-]{subsection.A.3.1}{O operador ``:''}{section.A.3}% 133
\BOOKMARK [2][-]{subsection.A.3.2}{Obtendo dados de uma matriz}{section.A.3}% 134
\BOOKMARK [2][-]{subsection.A.3.3}{Opera\347\365es matriciais e elemento-a-elemento}{section.A.3}% 135
\BOOKMARK [1][-]{section.A.4}{Estruturas de ramifica\347\343o e repeti\347\343o}{appendix.A}% 136
\BOOKMARK [2][-]{subsection.A.4.1}{A instru\347\343o de ramifica\347\343o ``if''}{section.A.4}% 137
\BOOKMARK [2][-]{subsection.A.4.2}{A instru\347\343o de repeti\347\343o ``for''}{section.A.4}% 138
\BOOKMARK [2][-]{subsection.A.4.3}{A instru\347\343o de repeti\347\343o ``while''}{section.A.4}% 139
\BOOKMARK [1][-]{section.A.5}{Fun\347\365es}{appendix.A}% 140
\BOOKMARK [1][-]{section.A.6}{Gr\341ficos}{appendix.A}% 141
\BOOKMARK [0][-]{appendix*.43}{Respostas dos Exerc\355cios}{}% 142
\BOOKMARK [0][-]{appendix*.44}{Refer\352ncias Bibliogr\341ficas}{}% 143
\BOOKMARK [0][-]{appendix*.45}{Colaboradores}{}% 144
