This is pdfTeX, Version 3.14159265-2.6-1.40.15 (TeX Live 2014) (preloaded format=latex 2016.3.15)  16 JUL 2016 00:04
entering extended mode
 restricted \write18 enabled.
 %&-line parsing enabled.
**cap_aritmetica.tex
(./cap_aritmetica.tex
LaTeX2e <2011/06/27>
Babel <3.9k> and hyphenation patterns for 2 languages loaded.

! LaTeX Error: File `subfiles.cls' not found.

Type X to quit or <RETURN> to proceed,
or enter new name. (Default extension: cls)

Enter file name: 
! Emergency stop.
<read *> 
         
l.4 ^^M
       
*** (cannot \read from terminal in nonstop modes)

 
Here is how much of TeX's memory you used:
 10 strings out of 495026
 216 string characters out of 6181541
 45956 words of memory out of 5000000
 3322 multiletter control sequences out of 15000+600000
 3640 words of font info for 14 fonts, out of 8000000 for 9000
 14 hyphenation exceptions out of 8191
 10i,0n,7p,308b,8s stack positions out of 5000i,500n,10000p,200000b,80000s
No pages of output.
